escape-android/proguard/seeds.txt
com.google.ads.internal.AdWebView
com.google.ads.internal.AdWebView: java.lang.ref.WeakReference b
com.google.ads.internal.AdWebView: com.google.ads.AdSize c
com.google.ads.internal.AdWebView: boolean d
com.google.ads.internal.AdWebView: boolean e
com.google.ads.internal.AdWebView: boolean f
com.google.ads.internal.AdWebView: com.google.ads.n a
com.google.ads.internal.AdWebView: AdWebView(com.google.ads.n,com.google.ads.AdSize)
com.google.ads.internal.AdWebView: void f()
com.google.ads.internal.AdWebView: void g()
com.google.ads.internal.AdWebView: void h()
com.google.ads.internal.AdWebView: com.google.ads.AdActivity i()
com.google.ads.internal.AdWebView: boolean j()
com.google.ads.internal.AdWebView: boolean k()
com.google.ads.internal.AdWebView: void setAdActivity(com.google.ads.AdActivity)
com.google.ads.internal.AdWebView: void loadDataWithBaseURL(java.lang.String,java.lang.String,java.lang.String,java.lang.String,java.lang.String)
com.google.ads.internal.AdWebView: void loadUrl(java.lang.String)
com.google.ads.internal.AdWebView: void stopLoading()
com.google.ads.internal.AdWebView: void destroy()
com.google.ads.internal.AdWebView: void setAdSize(com.google.ads.AdSize)
com.google.ads.internal.AdWebView: void onMeasure(int,int)
com.google.ads.internal.AdWebView: boolean onTouchEvent(android.view.MotionEvent)
com.google.ads.internal.AdWebView: void setCustomClose(boolean)
com.google.ads.internal.AdWebView: void setIsExpandedMraid(boolean)
com.google.ads.internal.AdWebView$1
com.google.ads.internal.AdWebView$1: com.google.ads.internal.AdWebView a
com.google.ads.internal.AdWebView$1: AdWebView$1(com.google.ads.internal.AdWebView)
com.google.ads.internal.AdWebView$1: void onDownloadStart(java.lang.String,java.lang.String,java.lang.String,java.lang.String,long)
com.google.ads.internal.AdWebView$2
com.google.ads.internal.AdWebView$2: com.google.ads.internal.AdWebView a
com.google.ads.internal.AdWebView$2: AdWebView$2(com.google.ads.internal.AdWebView)
com.google.ads.internal.AdWebView$2: boolean onTouch(android.view.View,android.view.MotionEvent)
com.google.ads.internal.a
com.google.ads.internal.a: com.google.ads.internal.a e
com.google.ads.internal.a: com.google.ads.util.f a
com.google.ads.internal.a: java.util.Map b
com.google.ads.internal.a: java.util.Map c
com.google.ads.internal.a: java.util.Map d
com.google.ads.internal.a: a()
com.google.ads.internal.a: java.lang.String a(android.net.Uri,java.util.HashMap)
com.google.ads.internal.a: void a(com.google.ads.internal.d,java.util.Map,android.net.Uri,android.webkit.WebView)
com.google.ads.internal.a: boolean a(android.net.Uri)
com.google.ads.internal.a: boolean b(android.net.Uri)
com.google.ads.internal.a: boolean c(android.net.Uri)
com.google.ads.internal.a: void a(android.webkit.WebView,java.lang.String,java.lang.String)
com.google.ads.internal.a: void a(android.webkit.WebView,java.lang.String)
com.google.ads.internal.a: void a(android.webkit.WebView,java.util.Map)
com.google.ads.internal.a: void a(android.webkit.WebView)
com.google.ads.internal.a: void b(android.webkit.WebView)
com.google.ads.internal.a: com.google.ads.internal.a a()
com.google.ads.internal.a: void <clinit>()
com.google.ads.internal.a$1
com.google.ads.internal.a$1: a$1()
com.google.ads.internal.a$2
com.google.ads.internal.a$2: a$2()
com.google.ads.internal.a$2: com.google.ads.internal.a a()
com.google.ads.internal.a$2: java.lang.Object b()
com.google.ads.internal.a$3
com.google.ads.internal.a$3: a$3()
com.google.ads.internal.a$4
com.google.ads.internal.a$4: a$4()
com.google.ads.internal.b
com.google.ads.internal.b: boolean a
com.google.ads.internal.b: b(java.lang.String,boolean)
com.google.ads.internal.b: b(java.lang.String,boolean,java.lang.Throwable)
com.google.ads.internal.b: void a(java.lang.String)
com.google.ads.internal.b: void b(java.lang.String)
com.google.ads.internal.b: java.lang.String c(java.lang.String)