escape-android/proguard/mapping.txt
org.bouncycastle.asn1.ocsp.BasicOCSPResponse -> org.bouncycastle.asn1.ocsp.BasicOCSPResponse:
    org.bouncycastle.asn1.ocsp.ResponseData tbsResponseData -> tbsResponseData
    org.bouncycastle.asn1.x509.AlgorithmIdentifier signatureAlgorithm -> signatureAlgorithm
    org.bouncycastle.asn1.DERBitString signature -> signature
    org.bouncycastle.asn1.ASN1Sequence certs -> certs
    org.bouncycastle.asn1.ocsp.BasicOCSPResponse getInstance(org.bouncycastle.asn1.ASN1TaggedObject,boolean) -> getInstance
    org.bouncycastle.asn1.ocsp.BasicOCSPResponse getInstance(java.lang.Object) -> getInstance
    org.bouncycastle.asn1.ocsp.ResponseData getTbsResponseData() -> getTbsResponseData
    org.bouncycastle.asn1.x509.AlgorithmIdentifier getSignatureAlgorithm() -> getSignatureAlgorithm
    org.bouncycastle.asn1.DERBitString getSignature() -> getSignature
    org.bouncycastle.asn1.ASN1Sequence getCerts() -> getCerts
    org.bouncycastle.asn1.DERObject toASN1Object() -> toASN1Object
org.bouncycastle.asn1.ocsp.CertID -> org.bouncycastle.asn1.ocsp.CertID:
    org.bouncycastle.asn1.x509.AlgorithmIdentifier hashAlgorithm -> hashAlgorithm
    org.bouncycastle.asn1.ASN1OctetString issuerNameHash -> issuerNameHash
    org.bouncycastle.asn1.ASN1OctetString issuerKeyHash -> issuerKeyHash
    org.bouncycastle.asn1.DERInteger serialNumber -> serialNumber
    org.bouncycastle.asn1.ocsp.CertID getInstance(org.bouncycastle.asn1.ASN1TaggedObject,boolean) -> getInstance
    org.bouncycastle.asn1.ocsp.CertID getInstance(java.lang.Object) -> getInstance
    org.bouncycastle.asn1.x509.AlgorithmIdentifier getHashAlgorithm() -> getHashAlgorithm
    org.bouncycastle.asn1.ASN1OctetString getIssuerNameHash() -> getIssuerNameHash
    org.bouncycastle.asn1.ASN1OctetString getIssuerKeyHash() -> getIssuerKeyHash
    org.bouncycastle.asn1.DERInteger getSerialNumber() -> getSerialNumber
    org.bouncycastle.asn1.DERObject toASN1Object() -> toASN1Object
org.bouncycastle.asn1.ocsp.CertStatus -> org.bouncycastle.asn1.ocsp.CertStatus:
    int tagNo -> tagNo
    org.bouncycastle.asn1.DEREncodable value -> value
    org.bouncycastle.asn1.ocsp.CertStatus getInstance(java.lang.Object) -> getInstance
    org.bouncycastle.asn1.ocsp.CertStatus getInstance(org.bouncycastle.asn1.ASN1TaggedObject,boolean) -> getInstance
    int getTagNo() -> getTagNo
    org.bouncycastle.asn1.DEREncodable getStatus() -> getStatus
    org.bouncycastle.asn1.DERObject toASN1Object() -> toASN1Object
org.bouncycastle.asn1.ocsp.CrlID -> org.bouncycastle.asn1.ocsp.CrlID:
    org.bouncycastle.asn1.DERIA5String crlUrl -> crlUrl
    org.bouncycastle.asn1.DERInteger crlNum -> crlNum
    org.bouncycastle.asn1.DERGeneralizedTime crlTime -> crlTime
    org.bouncycastle.asn1.DERIA5String getCrlUrl() -> getCrlUrl
    org.bouncycastle.asn1.DERInteger getCrlNum() -> getCrlNum
    org.bouncycastle.asn1.DERGeneralizedTime getCrlTime() -> getCrlTime
    org.bouncycastle.asn1.DERObject toASN1Object() -> toASN1Object
org.bouncycastle.asn1.ocsp.OCSPObjectIdentifiers -> org.bouncycastle.asn1.ocsp.OCSPObjectIdentifiers:
    java.lang.String pkix_ocsp -> pkix_ocsp
    org.bouncycastle.asn1.ASN1ObjectIdentifier id_pkix_ocsp -> id_pkix_ocsp
    org.bouncycastle.asn1.ASN1ObjectIdentifier id_pkix_ocsp_basic -> id_pkix_ocsp_basic
    org.bouncycastle.asn1.ASN1ObjectIdentifier id_pkix_ocsp_nonce -> id_pkix_ocsp_nonce
    org.bouncycastle.asn1.ASN1ObjectIdentifier id_pkix_ocsp_crl -> id_pkix_ocsp_crl
    org.bouncycastle.asn1.ASN1ObjectIdentifier id_pkix_ocsp_response -> id_pkix_ocsp_response
    org.bouncycastle.asn1.ASN1ObjectIdentifier id_pkix_ocsp_nocheck -> id_pkix_ocsp_nocheck
    org.bouncycastle.asn1.ASN1ObjectIdentifier id_pkix_ocsp_archive_cutoff -> id_pkix_ocsp_archive_cutoff
    org.bouncycastle.asn1.ASN1ObjectIdentifier id_pkix_ocsp_service_locator -> id_pkix_ocsp_service_locator