escape-android/proguard/usage.txt
com.smartapp.easyproxyforandroid.BuildConfig
com.smartapp.easyproxyforandroid.R
com.smartapp.easyproxyforandroid.R$attr
com.smartapp.easyproxyforandroid.R$dimen
com.smartapp.easyproxyforandroid.R$drawable
com.smartapp.easyproxyforandroid.R$id
com.smartapp.easyproxyforandroid.R$layout
com.smartapp.easyproxyforandroid.R$string
com.smartapp.easyproxyforandroid.R$style
...
com.escape.local.http.client.Gogl:
    389:396:public void close()
com.escape.local.http.client.GoglHelper:
    public static final int RANGE_SIZE
    public static final java.lang.String RESPONSE_USED_UP
    public static final java.lang.String HTTP_SSL_HOST
    public static final java.lang.String HTTP_SSL_PORT
    public static final java.lang.String IS_CONNECT_REQUEST
    25:25:public GoglHelper()
    177:179:protected static java.net.Socket getASocket()
com.escape.local.http.main.LocalProxy
com.escape.local.http.server.IHttpService:
    159:160:public IHttpService(org.apache.http.protocol.HttpProcessor,org.apache.http.ConnectionReuseStrategy,org.apache.http.HttpResponseFactory,org.apache.http.protocol.HttpRequestHandlerResolver,org.apache.http.params.HttpParams)
    176:180:public IHttpService(org.apache.http.protocol.HttpProcessor,org.apache.http.ConnectionReuseStrategy,org.apache.http.HttpResponseFactory)
    186:190:public void setHttpProcessor(org.apache.http.protocol.HttpProcessor)
    196:200:public void setConnReuseStrategy(org.apache.http.ConnectionReuseStrategy)
    206:210:public void setResponseFactory(org.apache.http.HttpResponseFactory)
    216:217:public void setParams(org.apache.http.params.HttpParams)
    223:224:public void setHandlerResolver(org.apache.http.protocol.HttpRequestHandlerResolver)
    230:231:public void setExpectationVerifier(org.apache.http.protocol.HttpExpectationVerifier)
    234:234:public org.apache.http.params.HttpParams getParams()
com.escape.local.http.test.CommonTest
com.escape.local.http.test.CompressTest
com.escape.local.http.test.RealRequest_
com.escape.local.http.test.RegxTest
com.escape.local.http.test.SSLTest
com.escape.local.http.test.TestHttpGet
com.escape.local.http.test.TestHttpPost
com.escape.local.http.test.TestHttpsGet
com.escape.local.http.test.TestHttpsGet$1
com.escape.local.http.test.TestHttpsPost
com.escape.local.http.test.TestHttpsPost$1
com.escape.local.ssl.CertUtil:
    public static final java.lang.String mCACertFileName
    public static final java.lang.String mCAKeyFileName
    39:39:public CertUtil()
    261:261:public static boolean installCA()
com.escape.message.MessageHelper
com.escape.message.PackageRequest:
    private static final int POST_DATA_LIMIT
    38:38:public boolean isAddedRangeHeader()
    46:46:public java.lang.String getProtocol()
    70:70:public byte[] getEnity()
    90:90:public org.apache.http.Header getLastHeader(java.lang.String)
    94:94:public org.apache.http.Header[] getAllHeaders()
    98:99:public void addHeader(org.apache.http.Header)
    109:110:public void setHeader(org.apache.http.Header)
    124:125:public void removeHeader(org.apache.http.Header)
    140:161:public int[] parseRange()
com.escape.message.PackageResponse:
    100:100:public java.lang.String getProtocol()
    155:155:public org.apache.http.Header getLastHeader(java.lang.String)
    163:164:public void addHeader(org.apache.http.Header)
    174:175:public void setHeader(org.apache.http.Header)
    185:186:public void setHeaders(org.apache.http.Header[])
    189:190:public void removeHeader(org.apache.http.Header)
com.smartapp.escape_android.service.ProxyService:
    private static final int ONGOING_NOTIFICATION_ID
org.apache.http.HttpHeaders
org.apache.http.protocol.ImmutableHttpProcessor:
    75:94:public ImmutableHttpProcessor(org.apache.http.protocol.HttpRequestInterceptorList,org.apache.http.protocol.HttpResponseInterceptorList)